2025-12-02 23:07:50.807 -03:00 [INF] Iniciando API AtsKungFu {"Application":"ApiAtsKungFu"}
2025-12-02 23:07:51.545 -03:00 [INF] API AtsKungFu iniciada com sucesso {"Application":"ApiAtsKungFu"}
2025-12-02 23:09:34.670 -03:00 [INF] Iniciando API AtsKungFu {"Application":"ApiAtsKungFu"}
2025-12-02 23:09:35.281 -03:00 [INF] API AtsKungFu iniciada com sucesso {"Application":"ApiAtsKungFu"}
2025-12-02 23:09:44.705 -03:00 [INF] HTTP GET /swagger/index.html responded 200 in 78.8789 ms {"SourceContext":"Serilog.AspNetCore.RequestLoggingMiddleware","RequestId":"0HNHI243EG1C0:00000001","ConnectionId":"0HNHI243EG1C0","Application":"ApiAtsKungFu"}
2025-12-02 23:09:44.961 -03:00 [INF] HTTP GET /swagger/v1/swagger.json responded 200 in 67.7988 ms {"SourceContext":"Serilog.AspNetCore.RequestLoggingMiddleware","RequestId":"0HNHI243EG1C0:00000007","ConnectionId":"0HNHI243EG1C0","Application":"ApiAtsKungFu"}
2025-12-02 23:17:32.260 -03:00 [INF] Iniciando API AtsKungFu {"Application":"ApiAtsKungFu"}
2025-12-02 23:17:32.948 -03:00 [INF] API AtsKungFu iniciada com sucesso {"Application":"ApiAtsKungFu"}
2025-12-02 23:17:47.704 -03:00 [INF] HTTP GET /swagger/index.html responded 200 in 75.6943 ms {"SourceContext":"Serilog.AspNetCore.RequestLoggingMiddleware","RequestId":"0HNHI28JCNQP5:00000001","ConnectionId":"0HNHI28JCNQP5","Application":"ApiAtsKungFu"}
2025-12-02 23:17:47.957 -03:00 [INF] HTTP GET /swagger/v1/swagger.json responded 200 in 71.9750 ms {"SourceContext":"Serilog.AspNetCore.RequestLoggingMiddleware","RequestId":"0HNHI28JCNQP5:00000007","ConnectionId":"0HNHI28JCNQP5","Application":"ApiAtsKungFu"}
2025-12-02 23:17:48.954 -03:00 [INF] HTTP GET /swagger/index.html responded 200 in 0.8309 ms {"SourceContext":"Serilog.AspNetCore.RequestLoggingMiddleware","RequestId":"0HNHI28JCNQP5:00000009","ConnectionId":"0HNHI28JCNQP5","Application":"ApiAtsKungFu"}
2025-12-02 23:17:49.048 -03:00 [INF] HTTP GET /swagger/v1/swagger.json responded 200 in 15.4367 ms {"SourceContext":"Serilog.AspNetCore.RequestLoggingMiddleware","RequestId":"0HNHI28JCNQP5:0000000F","ConnectionId":"0HNHI28JCNQP5","Application":"ApiAtsKungFu"}
2025-12-02 23:17:50.420 -03:00 [INF] HTTP GET /swagger/index.html responded 200 in 0.5148 ms {"SourceContext":"Serilog.AspNetCore.RequestLoggingMiddleware","RequestId":"0HNHI28JCNQP5:00000011","ConnectionId":"0HNHI28JCNQP5","Application":"ApiAtsKungFu"}
2025-12-02 23:17:50.525 -03:00 [INF] HTTP GET /swagger/v1/swagger.json responded 200 in 17.0120 ms {"SourceContext":"Serilog.AspNetCore.RequestLoggingMiddleware","RequestId":"0HNHI28JCNQP5:00000017","ConnectionId":"0HNHI28JCNQP5","Application":"ApiAtsKungFu"}
2025-12-02 23:24:49.523 -03:00 [INF] Iniciando API AtsKungFu {"Application":"ApiAtsKungFu"}
2025-12-02 23:24:50.187 -03:00 [INF] API AtsKungFu iniciada com sucesso {"Application":"ApiAtsKungFu"}
2025-12-02 23:25:40.701 -03:00 [INF] HTTP GET /swagger/index.html responded 200 in 86.1982 ms {"SourceContext":"Serilog.AspNetCore.RequestLoggingMiddleware","RequestId":"0HNHI2D0BEJMQ:00000001","ConnectionId":"0HNHI2D0BEJMQ","Application":"ApiAtsKungFu"}
2025-12-02 23:25:40.973 -03:00 [INF] HTTP GET /swagger/v1/swagger.json responded 200 in 91.0359 ms {"SourceContext":"Serilog.AspNetCore.RequestLoggingMiddleware","RequestId":"0HNHI2D0BEJMQ:00000007","ConnectionId":"0HNHI2D0BEJMQ","Application":"ApiAtsKungFu"}
2025-12-02 23:46:49.432 -03:00 [INF] Iniciando API AtsKungFu {"Application":"ApiAtsKungFu"}
2025-12-02 23:46:49.843 -03:00 [FTL] API falhou ao iniciar {"Application":"ApiAtsKungFu"}
Microsoft.Extensions.Hosting.HostAbortedException: The host was aborted.
   at Microsoft.Extensions.Hosting.HostFactoryResolver.HostingListener.ThrowHostAborted()
   at Microsoft.Extensions.Hosting.HostFactoryResolver.HostingListener.OnNext(KeyValuePair`2 value)
   at System.Diagnostics.DiagnosticListener.Write(String name, Object value)
   at Microsoft.Extensions.Hosting.HostBuilder.ResolveHost(IServiceProvider serviceProvider, DiagnosticListener diagnosticListener)
   at Microsoft.Extensions.Hosting.HostApplicationBuilder.Build()
   at Microsoft.AspNetCore.Builder.WebApplicationBuilder.Build()
   at Program.<Main>$(String[] args) in C:\Desenvolvimento\ProjetoAtsKungFu\WebApi\ApiAtsKungFu\Program.cs:line 40
2025-12-02 23:47:01.899 -03:00 [INF] Iniciando API AtsKungFu {"Application":"ApiAtsKungFu"}
2025-12-02 23:47:02.172 -03:00 [FTL] API falhou ao iniciar {"Application":"ApiAtsKungFu"}
Microsoft.Extensions.Hosting.HostAbortedException: The host was aborted.
   at Microsoft.Extensions.Hosting.HostFactoryResolver.HostingListener.ThrowHostAborted()
   at Microsoft.Extensions.Hosting.HostFactoryResolver.HostingListener.OnNext(KeyValuePair`2 value)
   at System.Diagnostics.DiagnosticListener.Write(String name, Object value)
   at Microsoft.Extensions.Hosting.HostBuilder.ResolveHost(IServiceProvider serviceProvider, DiagnosticListener diagnosticListener)
   at Microsoft.Extensions.Hosting.HostApplicationBuilder.Build()
   at Microsoft.AspNetCore.Builder.WebApplicationBuilder.Build()
   at Program.<Main>$(String[] args) in C:\Desenvolvimento\ProjetoAtsKungFu\WebApi\ApiAtsKungFu\Program.cs:line 40
